{"/home/camembert/cubos/data-table/src/body.tsx": {"path":"/home/camembert/cubos/data-table/src/body.tsx","statementMap":{"0":{"start":{"line":1,"column":0},"end":{"line":1,"column":30}},"1":{"start":{"line":2,"column":0},"end":{"line":2,"column":40}},"2":{"start":{"line":3,"column":0},"end":{"line":3,"column":32}},"3":{"start":{"line":5,"column":0},"end":{"line":5,"column":46}},"4":{"start":{"line":12,"column":2},"end":{"line":28,"column":4}},"5":{"start":{"line":18,"column":6},"end":{"line":24,"column":8}},"6":{"start":{"line":10,"column":0},"end":{"line":30,"column":1}}},"fnMap":{"0":{"name":"(anonymous_0)","decl":{"start":{"line":11,"column":8},"end":{"line":11,"column":13}},"loc":{"start":{"line":11,"column":14},"end":{"line":29,"column":2}}},"1":{"name":"(anonymous_1)","decl":{"start":{"line":17,"column":25},"end":{"line":17,"column":26}},"loc":{"start":{"line":18,"column":6},"end":{"line":24,"column":8}}}},"branchMap":{"0":{"loc":{"start":{"line":23,"column":36},"end":{"line":23,"column":66}},"type":"cond-expr","locations":[{"start":{"line":23,"column":36},"end":{"line":23,"column":66}},{"start":{"line":23,"column":69},"end":{"line":23,"column":70}}]}},"s":{"0":1,"1":1,"2":1,"3":1,"4":6,"5":60,"6":1},"f":{"0":6,"1":60},"b":{"0":[30,30]}}
,"/home/camembert/cubos/data-table/src/classes.ts": {"path":"/home/camembert/cubos/data-table/src/classes.ts","statementMap":{"0":{"start":{"line":1,"column":15},"end":{"line":1,"column":36}},"1":{"start":{"line":3,"column":13},"end":{"line":3,"column":43}},"2":{"start":{"line":4,"column":13},"end":{"line":4,"column":45}},"3":{"start":{"line":5,"column":13},"end":{"line":5,"column":47}},"4":{"start":{"line":6,"column":13},"end":{"line":6,"column":51}},"5":{"start":{"line":7,"column":13},"end":{"line":7,"column":55}},"6":{"start":{"line":8,"column":13},"end":{"line":8,"column":57}},"7":{"start":{"line":9,"column":13},"end":{"line":9,"column":59}}},"fnMap":{},"branchMap":{},"s":{"0":1,"1":1,"2":1,"3":1,"4":1,"5":1,"6":1,"7":1},"f":{},"b":{}}
,"/home/camembert/cubos/data-table/src/header.tsx": {"path":"/home/camembert/cubos/data-table/src/header.tsx","statementMap":{"0":{"start":{"line":1,"column":0},"end":{"line":1,"column":83}},"1":{"start":{"line":2,"column":0},"end":{"line":2,"column":30}},"2":{"start":{"line":4,"column":0},"end":{"line":4,"column":40}},"3":{"start":{"line":11,"column":2},"end":{"line":30,"column":4}},"4":{"start":{"line":20,"column":7},"end":{"line":25,"column":12}},"5":{"start":{"line":9,"column":0},"end":{"line":32,"column":1}}},"fnMap":{"0":{"name":"(anonymous_0)","decl":{"start":{"line":10,"column":8},"end":{"line":10,"column":13}},"loc":{"start":{"line":10,"column":14},"end":{"line":31,"column":2}}},"1":{"name":"(anonymous_1)","decl":{"start":{"line":19,"column":29},"end":{"line":19,"column":30}},"loc":{"start":{"line":20,"column":7},"end":{"line":25,"column":12}}}},"branchMap":{},"s":{"0":1,"1":1,"2":1,"3":6,"4":16,"5":1},"f":{"0":6,"1":16},"b":{}}
,"/home/camembert/cubos/data-table/src/index.tsx": {"path":"/home/camembert/cubos/data-table/src/index.tsx","statementMap":{"0":{"start":{"line":1,"column":0},"end":{"line":1,"column":30}},"1":{"start":{"line":2,"column":0},"end":{"line":2,"column":40}},"2":{"start":{"line":4,"column":0},"end":{"line":4,"column":34}},"3":{"start":{"line":6,"column":0},"end":{"line":6,"column":38}},"4":{"start":{"line":7,"column":0},"end":{"line":7,"column":42}},"5":{"start":{"line":36,"column":2},"end":{"line":57,"column":4}},"6":{"start":{"line":34,"column":0},"end":{"line":59,"column":1}}},"fnMap":{"0":{"name":"(anonymous_0)","decl":{"start":{"line":35,"column":8},"end":{"line":35,"column":13}},"loc":{"start":{"line":35,"column":14},"end":{"line":58,"column":2}}}},"branchMap":{},"s":{"0":1,"1":1,"2":1,"3":1,"4":1,"5":6,"6":1},"f":{"0":6},"b":{}}
,"/home/camembert/cubos/data-table/src/row.tsx": {"path":"/home/camembert/cubos/data-table/src/row.tsx","statementMap":{"0":{"start":{"line":2,"column":0},"end":{"line":2,"column":30}},"1":{"start":{"line":3,"column":0},"end":{"line":3,"column":55}},"2":{"start":{"line":4,"column":0},"end":{"line":4,"column":40}},"3":{"start":{"line":13,"column":1},"end":{"line":13,"column":31}},"4":{"start":{"line":17,"column":1},"end":{"line":17,"column":67}},"5":{"start":{"line":21,"column":1},"end":{"line":21,"column":62}},"6":{"start":{"line":20,"column":0},"end":{"line":22,"column":1}},"7":{"start":{"line":26,"column":2},"end":{"line":41,"column":4}},"8":{"start":{"line":32,"column":6},"end":{"line":37,"column":11}},"9":{"start":{"line":24,"column":0},"end":{"line":43,"column":1}}},"fnMap":{"0":{"name":"accessDatum","decl":{"start":{"line":12,"column":0},"end":{"line":12,"column":56}},"loc":{"start":{"line":12,"column":88},"end":{"line":14,"column":1}}},"1":{"name":"parseAccessedData","decl":{"start":{"line":16,"column":0},"end":{"line":16,"column":62}},"loc":{"start":{"line":16,"column":97},"end":{"line":18,"column":1}}},"2":{"name":"parseDatum","decl":{"start":{"line":20,"column":0},"end":{"line":20,"column":62}},"loc":{"start":{"line":20,"column":94},"end":{"line":22,"column":1}}},"3":{"name":"(anonymous_3)","decl":{"start":{"line":25,"column":8},"end":{"line":25,"column":13}},"loc":{"start":{"line":25,"column":14},"end":{"line":42,"column":2}}},"4":{"name":"(anonymous_4)","decl":{"start":{"line":31,"column":28},"end":{"line":31,"column":29}},"loc":{"start":{"line":32,"column":6},"end":{"line":37,"column":11}}}},"branchMap":{"0":{"loc":{"start":{"line":17,"column":28},"end":{"line":17,"column":55}},"type":"cond-expr","locations":[{"start":{"line":17,"column":28},"end":{"line":17,"column":55}},{"start":{"line":17,"column":58},"end":{"line":17,"column":66}}]}},"s":{"0":1,"1":1,"2":1,"3":270,"4":270,"5":270,"6":1,"7":60,"8":240,"9":1},"f":{"0":270,"1":270,"2":270,"3":60,"4":240},"b":{"0":[120,150]}}
,"/home/camembert/cubos/data-table/src/data/core.props.ts": {"path":"/home/camembert/cubos/data-table/src/data/core.props.ts","statementMap":{"0":{"start":{"line":2,"column":0},"end":{"line":2,"column":61}},"1":{"start":{"line":4,"column":51},"end":{"line":27,"column":1}},"2":{"start":{"line":8,"column":21},"end":{"line":8,"column":29}},"3":{"start":{"line":13,"column":21},"end":{"line":13,"column":28}},"4":{"start":{"line":18,"column":21},"end":{"line":18,"column":33}},"5":{"start":{"line":19,"column":27},"end":{"line":19,"column":43}},"6":{"start":{"line":24,"column":21},"end":{"line":24,"column":32}},"7":{"start":{"line":25,"column":29},"end":{"line":25,"column":94}},"8":{"start":{"line":29,"column":19},"end":{"line":29,"column":57}},"9":{"start":{"line":29,"column":53},"end":{"line":29,"column":57}},"10":{"start":{"line":31,"column":13},"end":{"line":36,"column":2}},"11":{"start":{"line":38,"column":13},"end":{"line":42,"column":2}},"12":{"start":{"line":44,"column":13},"end":{"line":47,"column":2}}},"fnMap":{"0":{"name":"(anonymous_0)","decl":{"start":{"line":8,"column":12},"end":{"line":8,"column":13}},"loc":{"start":{"line":8,"column":21},"end":{"line":8,"column":29}}},"1":{"name":"(anonymous_1)","decl":{"start":{"line":13,"column":12},"end":{"line":13,"column":13}},"loc":{"start":{"line":13,"column":21},"end":{"line":13,"column":28}}},"2":{"name":"(anonymous_2)","decl":{"start":{"line":18,"column":12},"end":{"line":18,"column":13}},"loc":{"start":{"line":18,"column":21},"end":{"line":18,"column":33}}},"3":{"name":"(anonymous_3)","decl":{"start":{"line":19,"column":14},"end":{"line":19,"column":15}},"loc":{"start":{"line":19,"column":27},"end":{"line":19,"column":43}}},"4":{"name":"(anonymous_4)","decl":{"start":{"line":24,"column":12},"end":{"line":24,"column":13}},"loc":{"start":{"line":24,"column":21},"end":{"line":24,"column":32}}},"5":{"name":"(anonymous_5)","decl":{"start":{"line":25,"column":14},"end":{"line":25,"column":15}},"loc":{"start":{"line":25,"column":29},"end":{"line":25,"column":94}}},"6":{"name":"(anonymous_6)","decl":{"start":{"line":29,"column":19},"end":{"line":29,"column":44}},"loc":{"start":{"line":29,"column":53},"end":{"line":29,"column":57}}}},"branchMap":{},"s":{"0":1,"1":1,"2":90,"3":60,"4":60,"5":60,"6":60,"7":60,"8":1,"9":45,"10":1,"11":1,"12":1},"f":{"0":90,"1":60,"2":60,"3":60,"4":60,"5":60,"6":45},"b":{}}
,"/home/camembert/cubos/data-table/src/data/data.ts": {"path":"/home/camembert/cubos/data-table/src/data/data.ts","statementMap":{"0":{"start":{"line":1,"column":0},"end":{"line":1,"column":30}},"1":{"start":{"line":12,"column":13},"end":{"line":20,"column":2}},"2":{"start":{"line":22,"column":13},"end":{"line":31,"column":3}},"3":{"start":{"line":23,"column":13},"end":{"line":23,"column":54}},"4":{"start":{"line":24,"column":1},"end":{"line":30,"column":3}}},"fnMap":{"0":{"name":"(anonymous_0)","decl":{"start":{"line":22,"column":103},"end":{"line":22,"column":104}},"loc":{"start":{"line":22,"column":108},"end":{"line":31,"column":1}}}},"branchMap":{},"s":{"0":1,"1":1,"2":1,"3":15,"4":15},"f":{"0":15},"b":{}}
}
