{"/home/camembert/cubos/data-table/src/body.tsx": {"path":"/home/camembert/cubos/data-table/src/body.tsx","statementMap":{"0":{"start":{"line":1,"column":0},"end":{"line":1,"column":30}},"1":{"start":{"line":2,"column":0},"end":{"line":2,"column":40}},"2":{"start":{"line":3,"column":0},"end":{"line":3,"column":32}},"3":{"start":{"line":5,"column":0},"end":{"line":5,"column":46}},"4":{"start":{"line":12,"column":2},"end":{"line":28,"column":4}},"5":{"start":{"line":18,"column":6},"end":{"line":24,"column":8}},"6":{"start":{"line":10,"column":0},"end":{"line":30,"column":1}}},"fnMap":{"0":{"name":"(anonymous_0)","decl":{"start":{"line":11,"column":8},"end":{"line":11,"column":13}},"loc":{"start":{"line":11,"column":14},"end":{"line":29,"column":2}}},"1":{"name":"(anonymous_1)","decl":{"start":{"line":17,"column":25},"end":{"line":17,"column":26}},"loc":{"start":{"line":18,"column":6},"end":{"line":24,"column":8}}}},"branchMap":{"0":{"loc":{"start":{"line":23,"column":36},"end":{"line":23,"column":66}},"type":"cond-expr","locations":[{"start":{"line":23,"column":36},"end":{"line":23,"column":66}},{"start":{"line":23,"column":69},"end":{"line":23,"column":70}}]}},"s":{"0":1,"1":1,"2":1,"3":1,"4":6,"5":80,"6":1},"f":{"0":6,"1":80},"b":{"0":[40,40]}}
,"/home/camembert/cubos/data-table/src/classes.ts": {"path":"/home/camembert/cubos/data-table/src/classes.ts","statementMap":{"0":{"start":{"line":1,"column":15},"end":{"line":1,"column":36}},"1":{"start":{"line":3,"column":13},"end":{"line":3,"column":43}},"2":{"start":{"line":4,"column":13},"end":{"line":4,"column":45}},"3":{"start":{"line":5,"column":13},"end":{"line":5,"column":47}},"4":{"start":{"line":6,"column":13},"end":{"line":6,"column":51}},"5":{"start":{"line":7,"column":13},"end":{"line":7,"column":55}},"6":{"start":{"line":8,"column":13},"end":{"line":8,"column":57}},"7":{"start":{"line":9,"column":13},"end":{"line":9,"column":59}}},"fnMap":{},"branchMap":{},"s":{"0":1,"1":1,"2":1,"3":1,"4":1,"5":1,"6":1,"7":1},"f":{},"b":{}}
,"/home/camembert/cubos/data-table/src/header.tsx": {"path":"/home/camembert/cubos/data-table/src/header.tsx","statementMap":{"0":{"start":{"line":1,"column":0},"end":{"line":1,"column":83}},"1":{"start":{"line":2,"column":0},"end":{"line":2,"column":30}},"2":{"start":{"line":4,"column":0},"end":{"line":4,"column":40}},"3":{"start":{"line":11,"column":2},"end":{"line":30,"column":4}},"4":{"start":{"line":20,"column":7},"end":{"line":25,"column":12}},"5":{"start":{"line":9,"column":0},"end":{"line":32,"column":1}}},"fnMap":{"0":{"name":"(anonymous_0)","decl":{"start":{"line":10,"column":8},"end":{"line":10,"column":13}},"loc":{"start":{"line":10,"column":14},"end":{"line":31,"column":2}}},"1":{"name":"(anonymous_1)","decl":{"start":{"line":19,"column":29},"end":{"line":19,"column":30}},"loc":{"start":{"line":20,"column":7},"end":{"line":25,"column":12}}}},"branchMap":{},"s":{"0":1,"1":1,"2":1,"3":6,"4":16,"5":1},"f":{"0":6,"1":16},"b":{}}
,"/home/camembert/cubos/data-table/src/index.tsx": {"path":"/home/camembert/cubos/data-table/src/index.tsx","statementMap":{"0":{"start":{"line":1,"column":0},"end":{"line":1,"column":30}},"1":{"start":{"line":2,"column":0},"end":{"line":2,"column":40}},"2":{"start":{"line":4,"column":0},"end":{"line":4,"column":34}},"3":{"start":{"line":6,"column":0},"end":{"line":6,"column":38}},"4":{"start":{"line":7,"column":0},"end":{"line":7,"column":42}},"5":{"start":{"line":28,"column":2},"end":{"line":49,"column":4}},"6":{"start":{"line":26,"column":0},"end":{"line":51,"column":1}}},"fnMap":{"0":{"name":"(anonymous_0)","decl":{"start":{"line":27,"column":8},"end":{"line":27,"column":13}},"loc":{"start":{"line":27,"column":14},"end":{"line":50,"column":2}}}},"branchMap":{},"s":{"0":1,"1":1,"2":1,"3":1,"4":1,"5":6,"6":1},"f":{"0":6},"b":{}}
,"/home/camembert/cubos/data-table/src/row.tsx": {"path":"/home/camembert/cubos/data-table/src/row.tsx","statementMap":{"0":{"start":{"line":2,"column":0},"end":{"line":2,"column":30}},"1":{"start":{"line":3,"column":0},"end":{"line":3,"column":55}},"2":{"start":{"line":4,"column":0},"end":{"line":4,"column":40}},"3":{"start":{"line":13,"column":1},"end":{"line":13,"column":31}},"4":{"start":{"line":17,"column":1},"end":{"line":17,"column":67}},"5":{"start":{"line":21,"column":1},"end":{"line":21,"column":62}},"6":{"start":{"line":20,"column":0},"end":{"line":22,"column":1}},"7":{"start":{"line":26,"column":2},"end":{"line":41,"column":4}},"8":{"start":{"line":32,"column":6},"end":{"line":37,"column":11}},"9":{"start":{"line":24,"column":0},"end":{"line":43,"column":1}}},"fnMap":{"0":{"name":"accessDatum","decl":{"start":{"line":12,"column":0},"end":{"line":12,"column":56}},"loc":{"start":{"line":12,"column":88},"end":{"line":14,"column":1}}},"1":{"name":"parseAccessedData","decl":{"start":{"line":16,"column":0},"end":{"line":16,"column":62}},"loc":{"start":{"line":16,"column":97},"end":{"line":18,"column":1}}},"2":{"name":"parseDatum","decl":{"start":{"line":20,"column":0},"end":{"line":20,"column":62}},"loc":{"start":{"line":20,"column":94},"end":{"line":22,"column":1}}},"3":{"name":"(anonymous_3)","decl":{"start":{"line":25,"column":8},"end":{"line":25,"column":13}},"loc":{"start":{"line":25,"column":14},"end":{"line":42,"column":2}}},"4":{"name":"(anonymous_4)","decl":{"start":{"line":31,"column":28},"end":{"line":31,"column":29}},"loc":{"start":{"line":32,"column":6},"end":{"line":37,"column":11}}}},"branchMap":{"0":{"loc":{"start":{"line":17,"column":28},"end":{"line":17,"column":55}},"type":"cond-expr","locations":[{"start":{"line":17,"column":28},"end":{"line":17,"column":55}},{"start":{"line":17,"column":58},"end":{"line":17,"column":66}}]}},"s":{"0":1,"1":1,"2":1,"3":360,"4":360,"5":360,"6":1,"7":80,"8":320,"9":1},"f":{"0":360,"1":360,"2":360,"3":80,"4":320},"b":{"0":[160,200]}}
,"/home/camembert/cubos/data-table/src/data/props.ts": {"path":"/home/camembert/cubos/data-table/src/data/props.ts","statementMap":{"0":{"start":{"line":2,"column":0},"end":{"line":2,"column":30}},"1":{"start":{"line":13,"column":36},"end":{"line":21,"column":1}},"2":{"start":{"line":23,"column":34},"end":{"line":32,"column":2}},"3":{"start":{"line":24,"column":13},"end":{"line":24,"column":54}},"4":{"start":{"line":25,"column":1},"end":{"line":31,"column":3}},"5":{"start":{"line":34,"column":46},"end":{"line":57,"column":1}},"6":{"start":{"line":38,"column":21},"end":{"line":38,"column":29}},"7":{"start":{"line":43,"column":21},"end":{"line":43,"column":28}},"8":{"start":{"line":48,"column":21},"end":{"line":48,"column":33}},"9":{"start":{"line":49,"column":27},"end":{"line":49,"column":43}},"10":{"start":{"line":54,"column":21},"end":{"line":54,"column":32}},"11":{"start":{"line":55,"column":29},"end":{"line":55,"column":94}},"12":{"start":{"line":59,"column":19},"end":{"line":59,"column":57}},"13":{"start":{"line":59,"column":53},"end":{"line":59,"column":57}},"14":{"start":{"line":61,"column":13},"end":{"line":66,"column":2}},"15":{"start":{"line":68,"column":13},"end":{"line":72,"column":2}},"16":{"start":{"line":74,"column":13},"end":{"line":77,"column":2}}},"fnMap":{"0":{"name":"(anonymous_0)","decl":{"start":{"line":23,"column":96},"end":{"line":23,"column":97}},"loc":{"start":{"line":23,"column":101},"end":{"line":32,"column":1}}},"1":{"name":"(anonymous_1)","decl":{"start":{"line":38,"column":12},"end":{"line":38,"column":13}},"loc":{"start":{"line":38,"column":21},"end":{"line":38,"column":29}}},"2":{"name":"(anonymous_2)","decl":{"start":{"line":43,"column":12},"end":{"line":43,"column":13}},"loc":{"start":{"line":43,"column":21},"end":{"line":43,"column":28}}},"3":{"name":"(anonymous_3)","decl":{"start":{"line":48,"column":12},"end":{"line":48,"column":13}},"loc":{"start":{"line":48,"column":21},"end":{"line":48,"column":33}}},"4":{"name":"(anonymous_4)","decl":{"start":{"line":49,"column":14},"end":{"line":49,"column":15}},"loc":{"start":{"line":49,"column":27},"end":{"line":49,"column":43}}},"5":{"name":"(anonymous_5)","decl":{"start":{"line":54,"column":12},"end":{"line":54,"column":13}},"loc":{"start":{"line":54,"column":21},"end":{"line":54,"column":32}}},"6":{"name":"(anonymous_6)","decl":{"start":{"line":55,"column":14},"end":{"line":55,"column":15}},"loc":{"start":{"line":55,"column":29},"end":{"line":55,"column":94}}},"7":{"name":"(anonymous_7)","decl":{"start":{"line":59,"column":19},"end":{"line":59,"column":44}},"loc":{"start":{"line":59,"column":53},"end":{"line":59,"column":57}}}},"branchMap":{},"s":{"0":1,"1":1,"2":1,"3":20,"4":20,"5":1,"6":120,"7":80,"8":80,"9":80,"10":80,"11":80,"12":1,"13":60,"14":1,"15":1,"16":1},"f":{"0":20,"1":120,"2":80,"3":80,"4":80,"5":80,"6":80,"7":60},"b":{}}
}
