TN:
SF:/home/camembert/cubos/data-table/src/body.tsx
FN:18,(anonymous_0)
FN:18,(anonymous_1)
FN:36,(anonymous_2)
FN:52,(anonymous_3)
FN:54,(anonymous_4)
FN:55,(anonymous_5)
FN:56,(anonymous_6)
FN:59,(anonymous_7)
FN:68,(anonymous_8)
FNF:9
FNH:9
FNDA:22,(anonymous_0)
FNDA:204,(anonymous_1)
FNDA:16,(anonymous_2)
FNDA:10,(anonymous_3)
FNDA:4,(anonymous_4)
FNDA:4,(anonymous_5)
FNDA:4,(anonymous_6)
FNDA:10,(anonymous_7)
FNDA:16,(anonymous_8)
DA:1,2
DA:2,2
DA:3,2
DA:4,2
DA:6,2
DA:8,2
DA:9,2
DA:18,22
DA:19,204
DA:35,2
DA:37,16
DA:52,2
DA:53,10
DA:54,4
DA:55,4
DA:56,4
DA:60,10
DA:62,10
DA:69,16
LF:19
LH:19
BRDA:25,0,0,158
BRDA:25,0,1,46
BRDA:60,1,0,4
BRDA:60,1,1,6
BRDA:68,2,0,4
BRDA:68,2,1,6
BRF:6
BRH:6
end_of_record
TN:
SF:/home/camembert/cubos/data-table/src/classes.ts
FNF:0
FNH:0
DA:1,2
DA:3,2
DA:4,2
DA:5,2
DA:6,2
DA:7,2
DA:8,2
DA:9,2
LF:8
LH:8
BRF:0
BRH:0
end_of_record
TN:
SF:/home/camembert/cubos/data-table/src/header.tsx
FN:10,(anonymous_0)
FN:19,(anonymous_1)
FNF:2
FNH:2
FNDA:10,(anonymous_0)
FNDA:32,(anonymous_1)
DA:1,2
DA:2,2
DA:4,2
DA:9,2
DA:11,10
DA:20,32
LF:6
LH:6
BRF:0
BRH:0
end_of_record
TN:
SF:/home/camembert/cubos/data-table/src/index.tsx
FN:36,(anonymous_0)
FNF:1
FNH:1
FNDA:10,(anonymous_0)
DA:1,2
DA:2,2
DA:4,2
DA:6,2
DA:7,2
DA:35,2
DA:37,10
LF:7
LH:7
BRF:0
BRH:0
end_of_record
TN:
SF:/home/camembert/cubos/data-table/src/row.tsx
FN:12,accessDatum
FN:16,parseAccessedData
FN:20,parseDatum
FN:25,(anonymous_3)
FN:31,(anonymous_4)
FN:52,(anonymous_5)
FNF:6
FNH:6
FNDA:862,accessDatum
FNDA:862,parseAccessedData
FNDA:862,parseDatum
FNDA:204,(anonymous_3)
FNDA:816,(anonymous_4)
FNDA:16,(anonymous_5)
DA:2,2
DA:3,2
DA:4,2
DA:13,862
DA:17,862
DA:20,2
DA:21,862
DA:24,2
DA:26,204
DA:32,816
DA:51,2
DA:53,16
LF:12
LH:12
BRDA:17,0,0,408
BRDA:17,0,1,454
BRDA:61,1,0,16
BRDA:61,1,1,8
BRF:4
BRH:4
end_of_record
TN:
SF:/home/camembert/cubos/data-table/src/utils.tsx
FN:3,getColSpan
FNF:1
FNH:1
FNDA:16,getColSpan
DA:3,2
DA:4,16
LF:2
LH:2
BRF:0
BRH:0
end_of_record
TN:
SF:/home/camembert/cubos/data-table/src/data/category.props.ts
FN:7,(anonymous_0)
FNF:1
FNH:1
FNDA:224,(anonymous_0)
DA:2,1
DA:5,1
DA:7,224
DA:10,1
LF:4
LH:4
BRF:0
BRH:0
end_of_record
TN:
SF:/home/camembert/cubos/data-table/src/data/core.props.ts
FN:8,(anonymous_0)
FN:13,(anonymous_1)
FN:18,(anonymous_2)
FN:19,(anonymous_3)
FN:24,(anonymous_4)
FN:25,(anonymous_5)
FN:29,(anonymous_6)
FNF:7
FNH:7
FNDA:250,(anonymous_0)
FNDA:204,(anonymous_1)
FNDA:204,(anonymous_2)
FNDA:204,(anonymous_3)
FNDA:204,(anonymous_4)
FNDA:204,(anonymous_5)
FNDA:181,(anonymous_6)
DA:2,2
DA:4,2
DA:8,250
DA:13,204
DA:18,204
DA:19,204
DA:24,204
DA:25,204
DA:29,181
DA:31,2
DA:38,2
DA:44,2
LF:12
LH:12
BRF:0
BRH:0
end_of_record
TN:
SF:/home/camembert/cubos/data-table/src/data/data.ts
FN:25,(anonymous_0)
FNF:1
FNH:1
FNDA:51,(anonymous_0)
DA:1,2
DA:13,2
DA:23,2
DA:25,2
DA:26,51
DA:27,51
LF:6
LH:6
BRF:0
BRH:0
end_of_record
