TN:
SF:/home/camembert/cubos/data-table/src/body.tsx
FN:11,(anonymous_0)
FN:17,(anonymous_1)
FNF:2
FNH:2
FNDA:6,(anonymous_0)
FNDA:60,(anonymous_1)
DA:1,1
DA:2,1
DA:3,1
DA:5,1
DA:10,1
DA:12,6
DA:18,60
LF:7
LH:7
BRDA:23,0,0,30
BRDA:23,0,1,30
BRF:2
BRH:2
end_of_record
TN:
SF:/home/camembert/cubos/data-table/src/classes.ts
FNF:0
FNH:0
DA:1,1
DA:3,1
DA:4,1
DA:5,1
DA:6,1
DA:7,1
DA:8,1
DA:9,1
LF:8
LH:8
BRF:0
BRH:0
end_of_record
TN:
SF:/home/camembert/cubos/data-table/src/header.tsx
FN:10,(anonymous_0)
FN:19,(anonymous_1)
FNF:2
FNH:2
FNDA:6,(anonymous_0)
FNDA:16,(anonymous_1)
DA:1,1
DA:2,1
DA:4,1
DA:9,1
DA:11,6
DA:20,16
LF:6
LH:6
BRF:0
BRH:0
end_of_record
TN:
SF:/home/camembert/cubos/data-table/src/index.tsx
FN:35,(anonymous_0)
FNF:1
FNH:1
FNDA:6,(anonymous_0)
DA:1,1
DA:2,1
DA:4,1
DA:6,1
DA:7,1
DA:34,1
DA:36,6
LF:7
LH:7
BRF:0
BRH:0
end_of_record
TN:
SF:/home/camembert/cubos/data-table/src/row.tsx
FN:12,accessDatum
FN:16,parseAccessedData
FN:20,parseDatum
FN:25,(anonymous_3)
FN:31,(anonymous_4)
FNF:5
FNH:5
FNDA:270,accessDatum
FNDA:270,parseAccessedData
FNDA:270,parseDatum
FNDA:60,(anonymous_3)
FNDA:240,(anonymous_4)
DA:2,1
DA:3,1
DA:4,1
DA:13,270
DA:17,270
DA:20,1
DA:21,270
DA:24,1
DA:26,60
DA:32,240
LF:10
LH:10
BRDA:17,0,0,120
BRDA:17,0,1,150
BRF:2
BRH:2
end_of_record
TN:
SF:/home/camembert/cubos/data-table/src/data/core.props.ts
FN:8,(anonymous_0)
FN:13,(anonymous_1)
FN:18,(anonymous_2)
FN:19,(anonymous_3)
FN:24,(anonymous_4)
FN:25,(anonymous_5)
FN:29,(anonymous_6)
FNF:7
FNH:7
FNDA:90,(anonymous_0)
FNDA:60,(anonymous_1)
FNDA:60,(anonymous_2)
FNDA:60,(anonymous_3)
FNDA:60,(anonymous_4)
FNDA:60,(anonymous_5)
FNDA:45,(anonymous_6)
DA:2,1
DA:4,1
DA:8,90
DA:13,60
DA:18,60
DA:19,60
DA:24,60
DA:25,60
DA:29,45
DA:31,1
DA:38,1
DA:44,1
LF:12
LH:12
BRF:0
BRH:0
end_of_record
TN:
SF:/home/camembert/cubos/data-table/src/data/data.ts
FN:22,(anonymous_0)
FNF:1
FNH:1
FNDA:15,(anonymous_0)
DA:1,1
DA:12,1
DA:22,1
DA:23,15
DA:24,15
LF:5
LH:5
BRF:0
BRH:0
end_of_record
